<?xml version="1.0" encoding="UTF-8"?>
<!-- Generated by org.testng.reporters.JUnitXMLReporter -->
<testsuite ignored="0" hostname="Naveens-MacBook-Pro-2.local" failures="1" tests="4" name="sample" time="0.014" errors="0" timestamp="2024-04-07T09:52:05 BST">
  <testcase classname="day26.Demo1" name="amethod1" time="0.002"/>
  <testcase classname="day26.Demo1" name="bmethod3" time="0.002"/>
  <testcase classname="day26.Demo1" name="cmethod2" time="0.001"/>
  <testcase classname="day26.Demo1" name="dmethod4" time="0.0">
    <failure type="org.testng.TestNGException" message="
Parameter &amp;apos;username&amp;apos; is required by @Test on method dmethod4 but has not been marked @Optional or defined
in /Users/Naveen/Desktop/Examples/TestNgExamples/testng4.xml">
      <![CDATA[org.testng.TestNGException: 
Parameter 'username' is required by @Test on method dmethod4 but has not been marked @Optional or defined
in /Users/Naveen/Desktop/Examples/TestNgExamples/testng4.xml
at java.base/java.util.ArrayList.forEach(ArrayList.java:1511)
... Removed 26 stack frames]]>
    </failure>
  </testcase> <!-- dmethod4 -->
</testsuite> <!-- sample -->
